<?xml version="1.0" encoding="UTF-8"?>
<!-- Generated by org.testng.reporters.JUnitXMLReporter -->
<testsuite hostname="ADMIN-PC" tests="0" failures="0" timestamp="3 Aug 2017 13:35:08 GMT" time="49.899" errors="0">
  <testcase name="@BeforeTest launch" time="0.0" classname="TestNgorg.crossbrowser">
    <failure type="org.openqa.selenium.WebDriverException" message="Failed to connect to binary FirefoxBinary(C:\Program Files (x86)\Mozilla Firefox\firefox.exe) on port 7055; process output follows: 
&amp;quot;:false,&amp;quot;userPermissions&amp;quot;:null}
1501767269752	addons.xpi	DEBUG	getModTime: Recursive scan of {972ce4c6-7e08-4474-a285-3208198ce6fd}
1501767269755	DeferredSave.extensions.json	DEBUG	Save changes
1501767269755	addons.xpi	DEBUG	Updating database with changes to installed add-ons
1501767269755	addons.xpi-utils	DEBUG	Updating add-on states
1501767269758	addons.xpi-utils	DEBUG	Writing add-ons list
1501767269762	addons.xpi	DEBUG	Registering manifest for C:\Program Files (x86)\Mozilla Firefox\browser\features\aushelper@mozilla.org.xpi
1501767269763	addons.xpi	DEBUG	Calling bootstrap method startup on aushelper@mozilla.org version 2.0
1501767269766	addons.xpi	DEBUG	Registering manifest for C:\Program Files (x86)\Mozilla Firefox\browser\features\e10srollout@mozilla.org.xpi
1501767269767	addons.xpi	DEBUG	Calling bootstrap method startup on e10srollout@mozilla.org version 1.50
1501767269768	addons.xpi	DEBUG	Registering manifest for C:\Program Files (x86)\Mozilla Firefox\browser\features\firefox@getpocket.com.xpi
1501767269770	addons.xpi	DEBUG	Calling bootstrap method startup on firefox@getpocket.com version 1.0.5
1501767269772	addons.xpi	DEBUG	Registering manifest for C:\Program Files (x86)\Mozilla Firefox\browser\features\screenshots@mozilla.org.xpi
1501767269774	addons.xpi	DEBUG	Calling bootstrap method startup on screenshots@mozilla.org version 6.6.0
1501767269775	addons.xpi	DEBUG	Registering manifest for C:\Program Files (x86)\Mozilla Firefox\browser\features\webcompat@mozilla.org.xpi
1501767269776	addons.xpi	DEBUG	Calling bootstrap method startup on webcompat@mozilla.org version 1.1
1501767269784	addons.manager	DEBUG	Registering shutdown blocker for XPIProvider
1501767269785	addons.manager	DEBUG	Provider finished startup: XPIProvider
1501767269785	addons.manager	DEBUG	Starting provider: LightweightThemeManager
1501767269785	addons.manager	DEBUG	Registering shutdown blocker for LightweightThemeManager
1501767269786	addons.manager	DEBUG	Provider finished startup: LightweightThemeManager
1501767269787	addons.manager	DEBUG	Starting provider: GMPProvider
1501767269796	addons.manager	DEBUG	Registering shutdown blocker for GMPProvider
1501767269797	addons.manager	DEBUG	Provider finished startup: GMPProvider
1501767269797	addons.manager	DEBUG	Starting provider: PluginProvider
1501767269797	addons.manager	DEBUG	Registering shutdown blocker for PluginProvider
1501767269798	addons.manager	DEBUG	Provider finished startup: PluginProvider
1501767269798	addons.manager	DEBUG	Completed startup sequence
[GFX1]: Potential driver version mismatch ignored due to missing DLLs igd10umd32 v= and igd10iumd32 v=
1501767275061	addons.manager	DEBUG	Starting provider: &amp;lt;unnamed-provider&amp;gt;
1501767275061	addons.manager	DEBUG	Registering shutdown blocker for &amp;lt;unnamed-provider&amp;gt;
1501767275062	addons.manager	DEBUG	Provider finished startup: &amp;lt;unnamed-provider&amp;gt;
1501767275516	DeferredSave.extensions.json	DEBUG	Write succeeded
1501767275516	addons.xpi-utils	DEBUG	XPI Database saved, setting schema version preference to 19
1501767275516	DeferredSave.extensions.json	DEBUG	Starting timer
1501767275540	DeferredSave.extensions.json	DEBUG	Starting write
1501767276165	addons.repository	DEBUG	No addons.json found.
1501767276166	DeferredSave.addons.json	DEBUG	Save changes
1501767276170	DeferredSave.addons.json	DEBUG	Starting timer
1501767276614	addons.manager	DEBUG	Starting provider: PreviousExperimentProvider
1501767276614	addons.manager	DEBUG	Registering shutdown blocker for PreviousExperimentProvider
1501767276615	addons.manager	DEBUG	Provider finished startup: PreviousExperimentProvider
1501767276790	DeferredSave.addons.json	DEBUG	Starting write
1501767280256	DeferredSave.extensions.json	DEBUG	Write succeeded
1501767280282	DeferredSave.addons.json	DEBUG	Write succeeded
Crash Annotation GraphicsCriticalError: |[C0][GFX1]: Potential driver version mismatch ignored due to missing DLLs igd10umd32 v= and igd10iumd32 v= (t=26.6322) [GFX1]: Potential driver version mismatch ignored due to missing DLLs igd10umd32 v= and igd10iumd32 v=

Build info: version: &amp;apos;2.53.0&amp;apos;, revision: &amp;apos;35ae25b&amp;apos;, time: &amp;apos;2016-03-15 16:57:40&amp;apos;
System info: host: &amp;apos;ADMIN-PC&amp;apos;, ip: &amp;apos;192.168.0.46&amp;apos;, os.name: &amp;apos;Windows 7&amp;apos;, os.arch: &amp;apos;x86&amp;apos;, os.version: &amp;apos;6.1&amp;apos;, java.version: &amp;apos;1.7.0_09&amp;apos;
Driver info: driver.version: FirefoxDriver">
      <![CDATA[org.openqa.selenium.WebDriverException: Failed to connect to binary FirefoxBinary(C:\Program Files (x86)\Mozilla Firefox\firefox.exe) on port 7055; process output follows: 
":false,"userPermissions":null}
1501767269752	addons.xpi	DEBUG	getModTime: Recursive scan of {972ce4c6-7e08-4474-a285-3208198ce6fd}
1501767269755	DeferredSave.extensions.json	DEBUG	Save changes
1501767269755	addons.xpi	DEBUG	Updating database with changes to installed add-ons
1501767269755	addons.xpi-utils	DEBUG	Updating add-on states
1501767269758	addons.xpi-utils	DEBUG	Writing add-ons list
1501767269762	addons.xpi	DEBUG	Registering manifest for C:\Program Files (x86)\Mozilla Firefox\browser\features\aushelper@mozilla.org.xpi
1501767269763	addons.xpi	DEBUG	Calling bootstrap method startup on aushelper@mozilla.org version 2.0
1501767269766	addons.xpi	DEBUG	Registering manifest for C:\Program Files (x86)\Mozilla Firefox\browser\features\e10srollout@mozilla.org.xpi
1501767269767	addons.xpi	DEBUG	Calling bootstrap method startup on e10srollout@mozilla.org version 1.50
1501767269768	addons.xpi	DEBUG	Registering manifest for C:\Program Files (x86)\Mozilla Firefox\browser\features\firefox@getpocket.com.xpi
1501767269770	addons.xpi	DEBUG	Calling bootstrap method startup on firefox@getpocket.com version 1.0.5
1501767269772	addons.xpi	DEBUG	Registering manifest for C:\Program Files (x86)\Mozilla Firefox\browser\features\screenshots@mozilla.org.xpi
1501767269774	addons.xpi	DEBUG	Calling bootstrap method startup on screenshots@mozilla.org version 6.6.0
1501767269775	addons.xpi	DEBUG	Registering manifest for C:\Program Files (x86)\Mozilla Firefox\browser\features\webcompat@mozilla.org.xpi
1501767269776	addons.xpi	DEBUG	Calling bootstrap method startup on webcompat@mozilla.org version 1.1
1501767269784	addons.manager	DEBUG	Registering shutdown blocker for XPIProvider
1501767269785	addons.manager	DEBUG	Provider finished startup: XPIProvider
1501767269785	addons.manager	DEBUG	Starting provider: LightweightThemeManager
1501767269785	addons.manager	DEBUG	Registering shutdown blocker for LightweightThemeManager
1501767269786	addons.manager	DEBUG	Provider finished startup: LightweightThemeManager
1501767269787	addons.manager	DEBUG	Starting provider: GMPProvider
1501767269796	addons.manager	DEBUG	Registering shutdown blocker for GMPProvider
1501767269797	addons.manager	DEBUG	Provider finished startup: GMPProvider
1501767269797	addons.manager	DEBUG	Starting provider: PluginProvider
1501767269797	addons.manager	DEBUG	Registering shutdown blocker for PluginProvider
1501767269798	addons.manager	DEBUG	Provider finished startup: PluginProvider
1501767269798	addons.manager	DEBUG	Completed startup sequence
[GFX1]: Potential driver version mismatch ignored due to missing DLLs igd10umd32 v= and igd10iumd32 v=
1501767275061	addons.manager	DEBUG	Starting provider: <unnamed-provider>
1501767275061	addons.manager	DEBUG	Registering shutdown blocker for <unnamed-provider>
1501767275062	addons.manager	DEBUG	Provider finished startup: <unnamed-provider>
1501767275516	DeferredSave.extensions.json	DEBUG	Write succeeded
1501767275516	addons.xpi-utils	DEBUG	XPI Database saved, setting schema version preference to 19
1501767275516	DeferredSave.extensions.json	DEBUG	Starting timer
1501767275540	DeferredSave.extensions.json	DEBUG	Starting write
1501767276165	addons.repository	DEBUG	No addons.json found.
1501767276166	DeferredSave.addons.json	DEBUG	Save changes
1501767276170	DeferredSave.addons.json	DEBUG	Starting timer
1501767276614	addons.manager	DEBUG	Starting provider: PreviousExperimentProvider
1501767276614	addons.manager	DEBUG	Registering shutdown blocker for PreviousExperimentProvider
1501767276615	addons.manager	DEBUG	Provider finished startup: PreviousExperimentProvider
1501767276790	DeferredSave.addons.json	DEBUG	Starting write
1501767280256	DeferredSave.extensions.json	DEBUG	Write succeeded
1501767280282	DeferredSave.addons.json	DEBUG	Write succeeded
Crash Annotation GraphicsCriticalError: |[C0][GFX1]: Potential driver version mismatch ignored due to missing DLLs igd10umd32 v= and igd10iumd32 v= (t=26.6322) [GFX1]: Potential driver version mismatch ignored due to missing DLLs igd10umd32 v= and igd10iumd32 v=

Build info: version: '2.53.0', revision: '35ae25b', time: '2016-03-15 16:57:40'
System info: host: 'ADMIN-PC', ip: '192.168.0.46', os.name: 'Windows 7', os.arch: 'x86', os.version: '6.1', java.version: '1.7.0_09'
Driver info: driver.version: FirefoxDriver
	at org.openqa.selenium.firefox.internal.NewProfileExtensionConnection.start(NewProfileExtensionConnection.java:124)
	at org.openqa.selenium.firefox.FirefoxDriver.startClient(FirefoxDriver.java:271)
	at org.openqa.selenium.remote.RemoteWebDriver.<init>(RemoteWebDriver.java:119)
	at org.openqa.selenium.firefox.FirefoxDriver.<init>(FirefoxDriver.java:218)
	at org.openqa.selenium.firefox.FirefoxDriver.<init>(FirefoxDriver.java:211)
	at org.openqa.selenium.firefox.FirefoxDriver.<init>(FirefoxDriver.java:207)
	at org.openqa.selenium.firefox.FirefoxDriver.<init>(FirefoxDriver.java:120)
	at TestNgorg.crossbrowser.launch(crossbrowser.java:28)
Caused by: org.openqa.selenium.firefox.NotConnectedException: Unable to connect to host 127.0.0.1 on port 7055 after 45000 ms. Firefox console output:
":false,"userPermissions":null}
1501767269752	addons.xpi	DEBUG	getModTime: Recursive scan of {972ce4c6-7e08-4474-a285-3208198ce6fd}
1501767269755	DeferredSave.extensions.json	DEBUG	Save changes
1501767269755	addons.xpi	DEBUG	Updating database with changes to installed add-ons
1501767269755	addons.xpi-utils	DEBUG	Updating add-on states
1501767269758	addons.xpi-utils	DEBUG	Writing add-ons list
1501767269762	addons.xpi	DEBUG	Registering manifest for C:\Program Files (x86)\Mozilla Firefox\browser\features\aushelper@mozilla.org.xpi
1501767269763	addons.xpi	DEBUG	Calling bootstrap method startup on aushelper@mozilla.org version 2.0
1501767269766	addons.xpi	DEBUG	Registering manifest for C:\Program Files (x86)\Mozilla Firefox\browser\features\e10srollout@mozilla.org.xpi
1501767269767	addons.xpi	DEBUG	Calling bootstrap method startup on e10srollout@mozilla.org version 1.50
1501767269768	addons.xpi	DEBUG	Registering manifest for C:\Program Files (x86)\Mozilla Firefox\browser\features\firefox@getpocket.com.xpi
1501767269770	addons.xpi	DEBUG	Calling bootstrap method startup on firefox@getpocket.com version 1.0.5
1501767269772	addons.xpi	DEBUG	Registering manifest for C:\Program Files (x86)\Mozilla Firefox\browser\features\screenshots@mozilla.org.xpi
1501767269774	addons.xpi	DEBUG	Calling bootstrap method startup on screenshots@mozilla.org version 6.6.0
1501767269775	addons.xpi	DEBUG	Registering manifest for C:\Program Files (x86)\Mozilla Firefox\browser\features\webcompat@mozilla.org.xpi
1501767269776	addons.xpi	DEBUG	Calling bootstrap method startup on webcompat@mozilla.org version 1.1
1501767269784	addons.manager	DEBUG	Registering shutdown blocker for XPIProvider
1501767269785	addons.manager	DEBUG	Provider finished startup: XPIProvider
1501767269785	addons.manager	DEBUG	Starting provider: LightweightThemeManager
1501767269785	addons.manager	DEBUG	Registering shutdown blocker for LightweightThemeManager
1501767269786	addons.manager	DEBUG	Provider finished startup: LightweightThemeManager
1501767269787	addons.manager	DEBUG	Starting provider: GMPProvider
1501767269796	addons.manager	DEBUG	Registering shutdown blocker for GMPProvider
1501767269797	addons.manager	DEBUG	Provider finished startup: GMPProvider
1501767269797	addons.manager	DEBUG	Starting provider: PluginProvider
1501767269797	addons.manager	DEBUG	Registering shutdown blocker for PluginProvider
1501767269798	addons.manager	DEBUG	Provider finished startup: PluginProvider
1501767269798	addons.manager	DEBUG	Completed startup sequence
[GFX1]: Potential driver version mismatch ignored due to missing DLLs igd10umd32 v= and igd10iumd32 v=
1501767275061	addons.manager	DEBUG	Starting provider: <unnamed-provider>
1501767275061	addons.manager	DEBUG	Registering shutdown blocker for <unnamed-provider>
1501767275062	addons.manager	DEBUG	Provider finished startup: <unnamed-provider>
1501767275516	DeferredSave.extensions.json	DEBUG	Write succeeded
1501767275516	addons.xpi-utils	DEBUG	XPI Database saved, setting schema version preference to 19
1501767275516	DeferredSave.extensions.json	DEBUG	Starting timer
1501767275540	DeferredSave.extensions.json	DEBUG	Starting write
1501767276165	addons.repository	DEBUG	No addons.json found.
1501767276166	DeferredSave.addons.json	DEBUG	Save changes
1501767276170	DeferredSave.addons.json	DEBUG	Starting timer
1501767276614	addons.manager	DEBUG	Starting provider: PreviousExperimentProvider
1501767276614	addons.manager	DEBUG	Registering shutdown blocker for PreviousExperimentProvider
1501767276615	addons.manager	DEBUG	Provider finished startup: PreviousExperimentProvider
1501767276790	DeferredSave.addons.json	DEBUG	Starting write
1501767280256	DeferredSave.extensions.json	DEBUG	Write succeeded
1501767280282	DeferredSave.addons.json	DEBUG	Write succeeded
Crash Annotation GraphicsCriticalError: |[C0][GFX1]: Potential driver version mismatch ignored due to missing DLLs igd10umd32 v= and igd10iumd32 v= (t=26.6322) [GFX1]: Potential driver version mismatch ignored due to missing DLLs igd10umd32 v= and igd10iumd32 v=

	at org.openqa.selenium.firefox.internal.NewProfileExtensionConnection.start(NewProfileExtensionConnection.java:112)
	... 29 more
... Removed 22 stack frames]]>
    </failure>
  </testcase> <!-- @BeforeTest launch -->
  <testcase name="@AfterTest test" time="0.0" classname="TestNgorg.crossbrowser">
    <skipped/>
  </testcase> <!-- @AfterTest test -->
</testsuite>
